2025-04-19 15:32:55,753 - INFO - Arguments: Namespace(exp_name='DrivAerNet_Pressure', seed=1, dataset_path='../PressureVTK', subset_dir='../splits/old2800', cache_dir='../PressureVTK/cache', num_points=10000, batch_size=12, epochs=150, lr=0.001, num_workers=4, test_only=False, gpus='0', dropout=0.4, emb_dims=1024, k=40, output_channels=1)
2025-04-19 15:32:55,753 - INFO - Starting training with 1 GPUs
2025-04-19 15:32:55,943 - INFO - Total trainable parameters: 1437705
2025-04-19 15:32:56,805 - INFO - Data loaded: 230 training batches, 49 validation batches, 49 test batches
2025-04-19 15:32:56,806 - INFO - Starting training for 150 epochs
2025-04-20 16:29:51,532 - INFO - Arguments: Namespace(exp_name='DrivAerNet_Pressure', seed=1, dataset_path='../PressureVTK', subset_dir='../splits/old2800', cache_dir='../PressureVTK/cache', num_points=10000, batch_size=12, epochs=150, lr=0.001, num_workers=4, test_only=False, gpus='0', dropout=0.4, emb_dims=1024, k=40, output_channels=1)
2025-04-20 16:29:51,532 - INFO - Starting training with 1 GPUs
2025-04-20 16:29:51,738 - INFO - Total trainable parameters: 1437705
2025-04-20 16:29:57,664 - INFO - Data loaded: 230 training batches, 49 validation batches, 49 test batches
2025-04-20 16:29:57,665 - INFO - Starting training for 150 epochs
2025-04-20 16:34:26,572 - INFO - Arguments: Namespace(exp_name='DrivAerNet_Pressure', seed=1, dataset_path='../PressureVTK', subset_dir='../splits/old2800', cache_dir='../PressureVTK/cache', num_points=10000, batch_size=12, epochs=150, lr=0.001, num_workers=4, test_only=False, gpus='0', dropout=0.4, emb_dims=1024, k=40, output_channels=1)
2025-04-20 16:34:26,572 - INFO - Starting training with 1 GPUs
2025-04-20 16:34:26,665 - INFO - Total trainable parameters: 1437705
2025-04-20 16:34:32,519 - INFO - Data loaded: 230 training batches, 49 validation batches, 49 test batches
2025-04-20 16:34:32,520 - INFO - Starting training for 150 epochs
2025-04-20 18:11:59,028 - INFO - Arguments: Namespace(exp_name='DrivAerNet_Pressure', seed=1, dataset_path='../PressureVTK', subset_dir='../splits/old2800', cache_dir='../PressureVTK/cache', num_points=10000, batch_size=12, epochs=150, lr=0.001, num_workers=4, test_only=False, gpus='0', dropout=0.4, emb_dims=1024, k=40, output_channels=1)
2025-04-20 18:11:59,028 - INFO - Starting training with 1 GPUs
2025-04-20 18:11:59,147 - INFO - Total trainable parameters: 1437705
2025-04-20 18:12:05,140 - INFO - Data loaded: 230 training batches, 49 validation batches, 49 test batches
2025-04-20 18:12:05,140 - INFO - Starting training for 150 epochs
2025-04-20 18:13:04,279 - INFO - Arguments: Namespace(exp_name='DrivAerNet_Pressure', seed=1, dataset_path='../PressureVTK', subset_dir='../splits/old2800', cache_dir='../PressureVTK/cache', num_points=10000, batch_size=12, epochs=150, lr=0.001, num_workers=4, test_only=False, gpus='0', dropout=0.4, emb_dims=1024, k=40, output_channels=1)
2025-04-20 18:13:04,279 - INFO - Starting training with 1 GPUs
2025-04-20 18:13:04,368 - INFO - Total trainable parameters: 1437705
2025-04-20 18:13:10,300 - INFO - Data loaded: 230 training batches, 49 validation batches, 49 test batches
2025-04-20 18:13:10,301 - INFO - Starting training for 150 epochs
2025-04-20 18:26:18,942 - INFO - Arguments: Namespace(exp_name='DrivAerNet_Pressure', seed=1, dataset_path='../PressureVTK', subset_dir='../splits/old2800', cache_dir='../PressureVTK/cache', num_points=10000, batch_size=12, epochs=150, lr=0.001, num_workers=4, test_only=False, gpus='0', dropout=0.4, emb_dims=1024, k=40, output_channels=1)
2025-04-20 18:26:18,942 - INFO - Starting training with 1 GPUs
2025-04-20 18:26:19,034 - INFO - Total trainable parameters: 1437705
2025-04-20 18:26:19,857 - INFO - Data loaded: 230 training batches, 49 validation batches, 49 test batches
2025-04-20 18:26:19,857 - INFO - Starting training for 150 epochs
